<?xml version="1.0" encoding="UTF-8"?>
<!-- Generated by org.testng.reporters.JUnitXMLReporter -->
<testsuite hostname="DESKTOP-V97PH2B" ignored="0" name="Test" tests="3" failures="0" timestamp="15 jan 2022 15:01:57 GMT" time="90.513" errors="0">
  <testcase name="totalValidation" time="36.37" classname="practise.AppiumFramework.Ecommerce_tc_4"/>
  <testcase name="apiDemoTest" time="26.303" classname="practise.AppiumFramework.ApiDemoTest"/>
  <testcase name="apiDemoTest" time="24.812" classname="practise.AppiumFramework.ApiDemoTest"/>
</testsuite> <!-- Test -->
