<?xml version="1.0" encoding="UTF-8"?>
<testng-results skipped="0" failed="0" ignored="0" total="3" passed="3">
  <reporter-output>
  </reporter-output>
  <suite name="Suite" duration-ms="90513" started-at="2022-01-15T15:00:27Z" finished-at="2022-01-15T15:01:57Z">
    <groups>
    </groups>
    <test name="Test" duration-ms="90513" started-at="2022-01-15T15:00:27Z" finished-at="2022-01-15T15:01:57Z">
      <class name="practise.AppiumFramework.Ecommerce_tc_4">
        <test-method status="PASS" signature="killAllNodes()[pri:0, instance:practise.AppiumFramework.Ecommerce_tc_4@6f7fd0e6]" name="killAllNodes" is-config="true" duration-ms="3009" started-at="2022-01-15T15:00:27Z" finished-at="2022-01-15T15:00:30Z">
          <reporter-output>
          </reporter-output>
        </test-method> <!-- killAllNodes -->
        <test-method status="PASS" signature="totalValidation()[pri:0, instance:practise.AppiumFramework.Ecommerce_tc_4@6f7fd0e6]" name="totalValidation" duration-ms="36370" started-at="2022-01-15T15:00:30Z" finished-at="2022-01-15T15:01:06Z">
          <reporter-output>
          </reporter-output>
        </test-method> <!-- totalValidation -->
      </class> <!-- practise.AppiumFramework.Ecommerce_tc_4 -->
      <class name="practise.AppiumFramework.ApiDemoTest">
        <test-method status="PASS" signature="apiDemoTest(java.lang.String)[pri:0, instance:practise.AppiumFramework.ApiDemoTest@47c62251]" name="apiDemoTest" duration-ms="26303" started-at="2022-01-15T15:01:06Z" data-provider="InputData" finished-at="2022-01-15T15:01:32Z">
          <params>
            <param index="0">
              <value>
                <![CDATA[hello]]>
              </value>
            </param>
          </params>
          <reporter-output>
          </reporter-output>
        </test-method> <!-- apiDemoTest -->
        <test-method status="PASS" signature="apiDemoTest(java.lang.String)[pri:0, instance:practise.AppiumFramework.ApiDemoTest@47c62251]" name="apiDemoTest" duration-ms="24812" started-at="2022-01-15T15:01:32Z" data-provider="InputData" finished-at="2022-01-15T15:01:57Z">
          <params>
            <param index="0">
              <value>
                <![CDATA[@#$%]]>
              </value>
            </param>
          </params>
          <reporter-output>
          </reporter-output>
        </test-method> <!-- apiDemoTest -->
      </class> <!-- practise.AppiumFramework.ApiDemoTest -->
    </test> <!-- Test -->
  </suite> <!-- Suite -->
</testng-results>
